<?xml version="1.0" encoding="UTF-8"?>
<!-- Generated by org.testng.reporters.JUnitReportReporter -->
<testsuite hostname="DESKTOP-OB8BAPB" failures="0" tests="1" name="com.test.PassengersDeatilsTest" time="244.544" errors="0" timestamp="2023-09-03T19:54:24 IST" skipped="0">
  <testcase classname="com.test.PassengersDeatilsTest" name="signUpWithValidCredentials" time="244.544"/>
  <system-out/>
</testsuite> <!-- com.test.PassengersDeatilsTest -->
