<?xml version="1.0" encoding="UTF-8"?>
<!-- Generated by org.testng.reporters.JUnitReportReporter -->
<testsuite hostname="DESKTOP-OB8BAPB" failures="0" tests="1" name="com.test.SignUpTest" time="89.766" errors="0" timestamp="2023-09-05T16:26:59 IST" skipped="0">
  <testcase classname="com.test.SignUpTest" name="signUpWithValidCredentials" time="89.766"/>
  <system-out/>
</testsuite> <!-- com.test.SignUpTest -->
