<?xml version="1.0" encoding="UTF-8"?>
<!-- Generated by org.testng.reporters.JUnitReportReporter -->
<testsuite hostname="DESKTOP-OB8BAPB" failures="0" tests="3" name="com.SpiceJet.test.NegativeTc_Login_DataProvider" time="35.066" errors="0" timestamp="2023-09-10T16:53:52 IST" skipped="0">
  <testcase classname="com.SpiceJet.test.NegativeTc_Login_DataProvider" name="loginWithInValidCredentials" time="11.480"/>
  <system-out/>
  <testcase classname="com.SpiceJet.test.NegativeTc_Login_DataProvider" name="loginWithInValidCredentials" time="12.717"/>
  <system-out/>
  <testcase classname="com.SpiceJet.test.NegativeTc_Login_DataProvider" name="loginWithInValidCredentials" time="10.869"/>
  <system-out/>
</testsuite> <!-- com.SpiceJet.test.NegativeTc_Login_DataProvider -->
