<?xml version="1.0" encoding="UTF-8"?>
<!-- Generated by org.testng.reporters.JUnitReportReporter -->
<testsuite hostname="DESKTOP-OB8BAPB" failures="0" tests="1" name="com.SpiceJet.test.NeagtiveTc_SignUp" time="56.303" errors="0" timestamp="2023-09-06T17:08:27 IST" skipped="0">
  <testcase classname="com.SpiceJet.test.NeagtiveTc_SignUp" name="signUpWithValidCredentials" time="56.303"/>
  <system-out/>
</testsuite> <!-- com.SpiceJet.test.NeagtiveTc_SignUp -->
