<?xml version="1.0" encoding="UTF-8"?>
<!-- Generated by org.testng.reporters.JUnitReportReporter -->
<testsuite hostname="DESKTOP-OB8BAPB" failures="0" tests="1" name="com.SpiceJet.test.PayementSpiceJet" time="143.208" errors="0" timestamp="2023-09-08T12:10:40 IST" skipped="0">
  <testcase classname="com.SpiceJet.test.PayementSpiceJet" name="paymentTest" time="143.208"/>
  <system-out/>
</testsuite> <!-- com.SpiceJet.test.PayementSpiceJet -->
