<?xml version="1.0" encoding="UTF-8"?>
<!-- Generated by org.testng.reporters.JUnitReportReporter -->
<testsuite hostname="DESKTOP-OB8BAPB" failures="0" tests="1" name="com.SpiceJet.test.NegativeTc_Login" time="111.844" errors="0" timestamp="2023-09-07T11:16:07 IST" skipped="0">
  <testcase classname="com.SpiceJet.test.NegativeTc_Login" name="loginWithInValidCredentials" time="111.844"/>
  <system-out/>
</testsuite> <!-- com.SpiceJet.test.NegativeTc_Login -->
