<?xml version="1.0" encoding="UTF-8"?>
<!-- Generated by org.testng.reporters.JUnitReportReporter -->
<testsuite hostname="DESKTOP-OB8BAPB" failures="0" tests="1" name="com.SpiceJet.test.FieldsAvailableTest" time="8.240" errors="0" timestamp="2023-09-07T11:16:07 IST" skipped="0">
  <testcase classname="com.SpiceJet.test.FieldsAvailableTest" name="fieldsAvailableCheking" time="8.240"/>
  <system-out/>
</testsuite> <!-- com.SpiceJet.test.FieldsAvailableTest -->
