<?xml version="1.0" encoding="UTF-8"?>
<!-- Generated by org.testng.reporters.JUnitReportReporter -->
<testsuite hostname="DESKTOP-OB8BAPB" failures="0" tests="1" name="com.test.RoundTripTest" time="63.026" errors="0" timestamp="2023-09-05T16:51:16 IST" skipped="0">
  <testcase classname="com.test.RoundTripTest" name="roundTripVali" time="63.026"/>
  <system-out/>
</testsuite> <!-- com.test.RoundTripTest -->
