<?xml version="1.0" encoding="UTF-8"?>
<!-- Generated by org.testng.reporters.JUnitReportReporter -->
<testsuite hostname="DESKTOP-OB8BAPB" failures="0" tests="1" name="com.SpiceJet.test.SignUpTest" time="67.725" errors="0" timestamp="2023-09-06T21:33:03 IST" skipped="0">
  <testcase classname="com.SpiceJet.test.SignUpTest" name="signUpWithValidCredentials" time="67.725"/>
  <system-out/>
</testsuite> <!-- com.SpiceJet.test.SignUpTest -->
