<?xml version="1.0" encoding="UTF-8"?>
<!-- Generated by org.testng.reporters.JUnitReportReporter -->
<testsuite hostname="DESKTOP-OB8BAPB" failures="0" tests="1" name="com.test.OneWayTest" time="22.014" errors="0" timestamp="2023-09-03T19:53:56 IST" skipped="0">
  <testcase classname="com.test.OneWayTest" name="signUpWithValidCredentials" time="22.014"/>
  <system-out/>
</testsuite> <!-- com.test.OneWayTest -->
