<?xml version="1.0" encoding="UTF-8"?>
<!-- Generated by org.testng.reporters.JUnitReportReporter -->
<testsuite hostname="DESKTOP-OB8BAPB" failures="0" tests="1" name="com.SpiceJet.test.RoundTripTest" time="29.756" errors="0" timestamp="2023-09-06T21:40:12 IST" skipped="0">
  <testcase classname="com.SpiceJet.test.RoundTripTest" name="roundTripVali" time="29.756"/>
  <system-out/>
</testsuite> <!-- com.SpiceJet.test.RoundTripTest -->
