<?xml version="1.0" encoding="UTF-8"?>
<!-- Generated by org.testng.reporters.JUnitReportReporter -->
<testsuite hostname="DESKTOP-OB8BAPB" failures="0" tests="1" name="com.test.PassengersDeatilsTest" time="62.545" errors="0" timestamp="2023-09-05T12:56:49 IST" skipped="0">
  <testcase classname="com.test.PassengersDeatilsTest" name="signUpWithValidCredentials" time="62.545"/>
  <system-out/>
</testsuite> <!-- com.test.PassengersDeatilsTest -->
