<?xml version="1.0" encoding="UTF-8"?>
<!-- Generated by org.testng.reporters.JUnitReportReporter -->
<testsuite hostname="DESKTOP-OB8BAPB" failures="0" tests="1" name="com.test.SignUpTest" time="76.223" errors="0" timestamp="2023-09-02T20:15:47 IST" skipped="0">
  <testcase classname="com.test.SignUpTest" name="signUpWithValidCredentials" time="76.223"/>
  <system-out/>
</testsuite> <!-- com.test.SignUpTest -->
