<?xml version="1.0" encoding="UTF-8"?>
<!-- Generated by org.testng.reporters.JUnitReportReporter -->
<testsuite hostname="DESKTOP-OB8BAPB" failures="0" tests="3" name="com.SpiceJet.test.NegativeTc_Login" time="37.741" errors="0" timestamp="2023-09-09T21:17:54 IST" skipped="0">
  <testcase classname="com.SpiceJet.test.NegativeTc_Login" name="loginWithInValidCredentials" time="10.777"/>
  <system-out/>
  <testcase classname="com.SpiceJet.test.NegativeTc_Login" name="loginWithInValidCredentials" time="12.969"/>
  <system-out/>
  <testcase classname="com.SpiceJet.test.NegativeTc_Login" name="loginWithInValidCredentials" time="13.995"/>
  <system-out/>
</testsuite> <!-- com.SpiceJet.test.NegativeTc_Login -->
