<?xml version="1.0" encoding="UTF-8"?>
<!-- Generated by org.testng.reporters.JUnitReportReporter -->
<testsuite hostname="DESKTOP-OB8BAPB" failures="0" tests="1" name="com.test.OneWayTest" time="35.052" errors="0" timestamp="2023-09-05T16:51:16 IST" skipped="0">
  <testcase classname="com.test.OneWayTest" name="oneWayTrip" time="35.052"/>
  <system-out/>
</testsuite> <!-- com.test.OneWayTest -->
