<?xml version="1.0" encoding="UTF-8"?>
<!-- Generated by org.testng.reporters.JUnitReportReporter -->
<testsuite hostname="DESKTOP-OB8BAPB" failures="0" tests="1" name="com.SpiceJet.test.LoginTest" time="15.747" errors="0" timestamp="2023-09-09T21:16:17 IST" skipped="0">
  <testcase classname="com.SpiceJet.test.LoginTest" name="loginWithValidCredentials" time="15.747"/>
  <system-out/>
</testsuite> <!-- com.SpiceJet.test.LoginTest -->
