<?xml version="1.0" encoding="UTF-8"?>
<!-- Generated by org.testng.reporters.JUnitReportReporter -->
<testsuite hostname="DESKTOP-OB8BAPB" failures="0" tests="1" name="com.SpiceJet.test.LoginTest" time="11.950" errors="0" timestamp="2023-09-08T16:46:47 IST" skipped="0">
  <testcase classname="com.SpiceJet.test.LoginTest" name="loginWithValidCredentials" time="11.950"/>
  <system-out/>
</testsuite> <!-- com.SpiceJet.test.LoginTest -->
