<?xml version="1.0" encoding="UTF-8"?>
<!-- Generated by org.testng.reporters.JUnitReportReporter -->
<testsuite hostname="DESKTOP-OB8BAPB" failures="0" tests="1" name="com.SpiceJet.test.FieldsAvailableTest" time="14.237" errors="0" timestamp="2023-09-08T16:46:47 IST" skipped="0">
  <testcase classname="com.SpiceJet.test.FieldsAvailableTest" name="fieldsAvailableCheking" time="14.237"/>
  <system-out/>
</testsuite> <!-- com.SpiceJet.test.FieldsAvailableTest -->
