<?xml version="1.0" encoding="UTF-8"?>
<!-- Generated by org.testng.reporters.JUnitReportReporter -->
<testsuite hostname="DESKTOP-OB8BAPB" failures="0" tests="1" name="com.test.SignUpTest" time="88.938" errors="0" timestamp="2023-09-03T19:44:13 IST" skipped="0">
  <testcase classname="com.test.SignUpTest" name="signUpWithValidCredentials" time="88.938"/>
  <system-out/>
</testsuite> <!-- com.test.SignUpTest -->
