<?xml version="1.0" encoding="UTF-8"?>
<!-- Generated by org.testng.reporters.JUnitReportReporter -->
<testsuite hostname="DESKTOP-OB8BAPB" failures="0" tests="1" name="com.SpiceJet.test.LoginTest" time="8.817" errors="0" timestamp="2023-09-08T12:19:53 IST" skipped="0">
  <testcase classname="com.SpiceJet.test.LoginTest" name="loginWithValidCredentials" time="8.817"/>
  <system-out/>
</testsuite> <!-- com.SpiceJet.test.LoginTest -->
