<?xml version="1.0" encoding="UTF-8"?>
<!-- Generated by org.testng.reporters.JUnitReportReporter -->
<testsuite hostname="DESKTOP-OB8BAPB" failures="0" tests="1" name="com.SpiceJet.test.SignUpTest" time="72.912" errors="0" timestamp="2023-09-08T11:06:18 IST" skipped="0">
  <testcase classname="com.SpiceJet.test.SignUpTest" name="signUpWithValidCredentials" time="72.912"/>
  <system-out/>
</testsuite> <!-- com.SpiceJet.test.SignUpTest -->
