<?xml version="1.0" encoding="UTF-8"?>
<!-- Generated by org.testng.reporters.JUnitReportReporter -->
<testsuite hostname="DESKTOP-OB8BAPB" failures="0" tests="1" name="com.test.PayementSpiceJet" time="6.709" errors="0" timestamp="2023-09-04T20:56:09 IST" skipped="0">
  <testcase classname="com.test.PayementSpiceJet" name="payment" time="6.709"/>
  <system-out/>
</testsuite> <!-- com.test.PayementSpiceJet -->
